<?xml version="1.0" encoding="UTF-8"?>
<!-- Generated by org.testng.reporters.JUnitXMLReporter -->
<testsuite ignored="0" hostname="LIN80019490" failures="0" tests="2" name="Default test" time="19.737" errors="0" timestamp="2023-11-03T17:03:00 IST">
  <testcase classname="framework.SeleniumFrameworkDesign.BasicTest_For_Pom" name="Execute" time="0.917"/>
  <testcase classname="framework.SeleniumFrameworkDesign.BasicTest_For_Pom" name="execute2" time="1.586"/>
</testsuite> <!-- Default test -->
