<?xml version="1.0" encoding="UTF-8"?>
<testng-results ignored="0" total="2" passed="2" failed="0" skipped="0">
  <reporter-output>
  </reporter-output>
  <suite started-at="2023-11-03T17:02:40 IST" name="Default suite" finished-at="2023-11-03T17:03:00 IST" duration-ms="19737">
    <groups>
    </groups>
    <test started-at="2023-11-03T17:02:40 IST" name="Default test" finished-at="2023-11-03T17:03:00 IST" duration-ms="19737">
      <class name="framework.SeleniumFrameworkDesign.BasicTest_For_Pom">
        <test-method is-config="true" signature="launchApplication()[pri:0, instance:framework.SeleniumFrameworkDesign.BasicTest_For_Pom@11392934]" started-at="2023-11-03T17:02:40 IST" name="launchApplication" finished-at="2023-11-03T17:02:51 IST" duration-ms="10944" status="PASS">
          <reporter-output>
          </reporter-output>
        </test-method> <!-- launchApplication -->
        <test-method signature="Execute()[pri:0, instance:framework.SeleniumFrameworkDesign.BasicTest_For_Pom@11392934]" started-at="2023-11-03T17:02:51 IST" name="Execute" finished-at="2023-11-03T17:02:52 IST" duration-ms="917" status="PASS">
          <reporter-output>
          </reporter-output>
        </test-method> <!-- Execute -->
        <test-method is-config="true" signature="CloseBrowser()[pri:0, instance:framework.SeleniumFrameworkDesign.BasicTest_For_Pom@11392934]" started-at="2023-11-03T17:02:52 IST" name="CloseBrowser" finished-at="2023-11-03T17:02:53 IST" duration-ms="413" status="PASS">
          <reporter-output>
          </reporter-output>
        </test-method> <!-- CloseBrowser -->
        <test-method is-config="true" signature="launchApplication()[pri:0, instance:framework.SeleniumFrameworkDesign.BasicTest_For_Pom@11392934]" started-at="2023-11-03T17:02:53 IST" name="launchApplication" finished-at="2023-11-03T17:02:58 IST" duration-ms="5247" status="PASS">
          <reporter-output>
          </reporter-output>
        </test-method> <!-- launchApplication -->
        <test-method signature="execute2()[pri:0, instance:framework.SeleniumFrameworkDesign.BasicTest_For_Pom@11392934]" started-at="2023-11-03T17:02:58 IST" name="execute2" finished-at="2023-11-03T17:03:00 IST" duration-ms="1586" status="PASS">
          <reporter-output>
          </reporter-output>
        </test-method> <!-- execute2 -->
        <test-method is-config="true" signature="CloseBrowser()[pri:0, instance:framework.SeleniumFrameworkDesign.BasicTest_For_Pom@11392934]" started-at="2023-11-03T17:03:00 IST" name="CloseBrowser" finished-at="2023-11-03T17:03:00 IST" duration-ms="544" status="PASS">
          <reporter-output>
          </reporter-output>
        </test-method> <!-- CloseBrowser -->
      </class> <!-- framework.SeleniumFrameworkDesign.BasicTest_For_Pom -->
    </test> <!-- Default test -->
  </suite> <!-- Default suite -->
</testng-results>
